2021-12-11T03:39:16.845Z - normal: Load ~/.CocosCreator/settings.json
2021-12-11T03:39:16.882Z - normal: Initializing Asset Database
2021-12-11T03:39:16.883Z - normal: checking language setting...
2021-12-11T03:39:16.883Z - normal: Language: en
2021-12-11T03:39:17.274Z - success: preview server running at http://localhost:7456
2021-12-11T03:39:17.285Z - success: protocol editor-framework registered
2021-12-11T03:39:17.285Z - success: protocol app registered
2021-12-11T03:39:17.285Z - success: protocol theme registered
2021-12-11T03:39:17.285Z - success: protocol packages registered
2021-12-11T03:39:17.285Z - success: protocol uuid registerred
2021-12-11T03:39:17.285Z - success: protocol db registerred
2021-12-11T03:39:17.286Z - success: protocol thumbnail registerred
2021-12-11T03:39:17.286Z - success: protocol unpack registerred
2021-12-11T03:39:17.286Z - success: protocol disable-commonjs registerred
2021-12-11T03:39:18.300Z - normal: connected!
2021-12-11T03:39:18.301Z - normal: Check project /Users/fe-anhtu-fresher/Desktop/cocos/cocos-work-prototype/Day11
2021-12-11T03:39:18.302Z - normal: Initializing project /Users/fe-anhtu-fresher/Desktop/cocos/cocos-work-prototype/Day11
2021-12-11T03:39:18.576Z - normal: Initializing Cocos2d
2021-12-11T03:39:18.999Z - normal: Initializing engine extends
2021-12-11T03:39:19.016Z - success: alipay-adapter loaded
2021-12-11T03:39:19.022Z - success: asset-db-debugger loaded
2021-12-11T03:39:19.024Z - success: baidu-adapter loaded
2021-12-11T03:39:19.027Z - success: color-picker loaded
2021-12-11T03:39:19.132Z - success: fb-audience-network loaded
2021-12-11T03:39:19.166Z - success: fb-live-stream loaded
2021-12-11T03:39:19.167Z - success: google-play-instant loaded
2021-12-11T03:39:19.171Z - success: huawei-runtime loaded
2021-12-11T03:39:19.312Z - success: cpk-publish loaded
2021-12-11T03:39:19.313Z - success: jsb-adapter loaded
2021-12-11T03:39:19.316Z - success: oppo-runtime loaded
2021-12-11T03:39:19.319Z - success: package-manager loaded
2021-12-11T03:39:19.387Z - success: qqplay-adapter loaded
2021-12-11T03:39:19.388Z - success: runtime-dev-tools loaded
2021-12-11T03:39:19.407Z - success: sdkbox loaded
2021-12-11T03:39:19.410Z - success: tester loaded
2021-12-11T03:39:19.411Z - success: ui-kit-preview-extra loaded
2021-12-11T03:39:19.413Z - success: ui-kit-preview loaded
2021-12-11T03:39:19.415Z - success: ui-kit loaded
2021-12-11T03:39:19.418Z - success: vivo-runtime loaded
2021-12-11T03:39:19.419Z - success: weapp-adapter loaded
2021-12-11T03:39:19.419Z - success: xiaomi-adapter loaded
2021-12-11T03:39:19.420Z - success: alipay-minigame loaded
2021-12-11T03:39:19.450Z - success: assets loaded
2021-12-11T03:39:19.452Z - success: builder loaded
2021-12-11T03:39:19.614Z - success: cocos-services loaded
2021-12-11T03:39:19.618Z - success: console loaded
2021-12-11T03:39:19.641Z - success: fb-instant-games loaded
2021-12-11T03:39:19.645Z - success: game-window loaded
2021-12-11T03:39:19.646Z - success: google-instant-games loaded
2021-12-11T03:39:19.649Z - success: hierarchy loaded
2021-12-11T03:39:19.651Z - success: inspector loaded
2021-12-11T03:39:19.652Z - success: keystore loaded
2021-12-11T03:39:19.655Z - success: node-library loaded
2021-12-11T03:39:19.656Z - success: package-asset loaded
2021-12-11T03:39:19.657Z - success: preferences loaded
2021-12-11T03:39:19.659Z - success: project-exporter loaded
2021-12-11T03:39:19.663Z - success: project-importer loaded
2021-12-11T03:39:19.665Z - success: project-settings loaded
2021-12-11T03:39:19.668Z - success: scene loaded
2021-12-11T03:39:19.669Z - success: simulator-debugger loaded
2021-12-11T03:39:19.670Z - success: sprite-editor loaded
2021-12-11T03:39:19.675Z - success: store loaded
2021-12-11T03:39:19.679Z - success: timeline loaded
2021-12-11T03:39:19.682Z - success: xiaomi-runtime loaded
2021-12-11T03:39:20.510Z - normal: Loading packages
2021-12-11T03:39:20.513Z - normal: Watching packages
2021-12-11T03:39:20.582Z - normal: Run Application
2021-12-11T03:39:21.732Z - info: Cocos Services load base data!
2021-12-11T03:39:24.364Z - error: A Class already exists with the same __classname__ : "30easeScript".
    at /Applications/CocosCreator.app/Contents/Resources/engine/bin/.cache/dev/cocos2d/core/platform/js.js:257:32
    at Object.js.setClassName (/Applications/CocosCreator.app/Contents/Resources/engine/bin/.cache/dev/cocos2d/core/platform/js.js:267:17)
    at doDefine (/Applications/CocosCreator.app/Contents/Resources/engine/bin/.cache/dev/cocos2d/core/platform/CCClass.js:268:16)
    at define (/Applications/CocosCreator.app/Contents/Resources/engine/bin/.cache/dev/cocos2d/core/platform/CCClass.js:284:23)
    at Object.CCClass [as Class] (/Applications/CocosCreator.app/Contents/Resources/engine/bin/.cache/dev/cocos2d/core/platform/CCClass.js:651:23)
    at Object.window.__require.o.30easeScript (/Users/fe-anhtu-fresher/Desktop/cocos/cocos-work-prototype/Day11/temp/quick-scripts/assets/30ease/web-desktop/src/project.js:23:84)
    at e (/Users/fe-anhtu-fresher/Desktop/cocos/cocos-work-prototype/Day11/temp/quick-scripts/assets/30ease/web-desktop/src/project.js:14:47)
    at n (/Users/fe-anhtu-fresher/Desktop/cocos/cocos-work-prototype/Day11/temp/quick-scripts/assets/30ease/web-desktop/src/project.js:19:5)
    at __define (/Users/fe-anhtu-fresher/Desktop/cocos/cocos-work-prototype/Day11/temp/quick-scripts/assets/30ease/web-desktop/src/project.js:21:2)
2021-12-11T03:39:24.364Z - error: A Class already exists with the same __cid__ : "ec34fzgy0dKPq9njdd2/xaM".
    at Object._setClassId (/Applications/CocosCreator.app/Contents/Resources/engine/bin/.cache/dev/cocos2d/core/platform/js.js:257:32)
    at define (/Applications/CocosCreator.app/Contents/Resources/engine/bin/.cache/dev/cocos2d/core/platform/CCClass.js:289:28)
    at Object.CCClass [as Class] (/Applications/CocosCreator.app/Contents/Resources/engine/bin/.cache/dev/cocos2d/core/platform/CCClass.js:651:23)
    at Object.window.__require.o.30easeScript (/Users/fe-anhtu-fresher/Desktop/cocos/cocos-work-prototype/Day11/temp/quick-scripts/assets/30ease/web-desktop/src/project.js:23:84)
    at e (/Users/fe-anhtu-fresher/Desktop/cocos/cocos-work-prototype/Day11/temp/quick-scripts/assets/30ease/web-desktop/src/project.js:14:47)
    at n (/Users/fe-anhtu-fresher/Desktop/cocos/cocos-work-prototype/Day11/temp/quick-scripts/assets/30ease/web-desktop/src/project.js:19:5)
    at __define (/Users/fe-anhtu-fresher/Desktop/cocos/cocos-work-prototype/Day11/temp/quick-scripts/assets/30ease/web-desktop/src/project.js:21:2)
    at /Users/fe-anhtu-fresher/Desktop/cocos/cocos-work-prototype/Day11/temp/quick-scripts/assets/30ease/web-desktop/src/project.js:49:13
    at Object.<anonymous> (/Users/fe-anhtu-fresher/Desktop/cocos/cocos-work-prototype/Day11/temp/quick-scripts/assets/30ease/web-desktop/src/project.js:56:11)
2021-12-11T03:39:24.367Z - error: A Class already exists with the same __classname__ : "HelloWorld".
    at /Applications/CocosCreator.app/Contents/Resources/engine/bin/.cache/dev/cocos2d/core/platform/js.js:257:32
    at Object.js.setClassName (/Applications/CocosCreator.app/Contents/Resources/engine/bin/.cache/dev/cocos2d/core/platform/js.js:267:17)
    at doDefine (/Applications/CocosCreator.app/Contents/Resources/engine/bin/.cache/dev/cocos2d/core/platform/CCClass.js:268:16)
    at define (/Applications/CocosCreator.app/Contents/Resources/engine/bin/.cache/dev/cocos2d/core/platform/CCClass.js:284:23)
    at Object.CCClass [as Class] (/Applications/CocosCreator.app/Contents/Resources/engine/bin/.cache/dev/cocos2d/core/platform/CCClass.js:651:23)
    at __define (/Users/fe-anhtu-fresher/Desktop/cocos/cocos-work-prototype/Day11/temp/quick-scripts/assets/Scripts/HelloWorld.js:7:4)
    at /Users/fe-anhtu-fresher/Desktop/cocos/cocos-work-prototype/Day11/temp/quick-scripts/assets/Scripts/HelloWorld.js:31:13
    at Object.<anonymous> (/Users/fe-anhtu-fresher/Desktop/cocos/cocos-work-prototype/Day11/temp/quick-scripts/assets/Scripts/HelloWorld.js:38:11)
    at Object.<anonymous> (/Users/fe-anhtu-fresher/Desktop/cocos/cocos-work-prototype/Day11/temp/quick-scripts/assets/Scripts/HelloWorld.js:41:3)
2021-12-11T03:39:24.368Z - error: A Class already exists with the same __classname__ : "animationScript".
    at /Applications/CocosCreator.app/Contents/Resources/engine/bin/.cache/dev/cocos2d/core/platform/js.js:257:32
    at Object.js.setClassName (/Applications/CocosCreator.app/Contents/Resources/engine/bin/.cache/dev/cocos2d/core/platform/js.js:267:17)
    at doDefine (/Applications/CocosCreator.app/Contents/Resources/engine/bin/.cache/dev/cocos2d/core/platform/CCClass.js:268:16)
    at define (/Applications/CocosCreator.app/Contents/Resources/engine/bin/.cache/dev/cocos2d/core/platform/CCClass.js:284:23)
    at Object.CCClass [as Class] (/Applications/CocosCreator.app/Contents/Resources/engine/bin/.cache/dev/cocos2d/core/platform/CCClass.js:651:23)
    at __define (/Users/fe-anhtu-fresher/Desktop/cocos/cocos-work-prototype/Day11/temp/quick-scripts/assets/Scripts/animationScript.js:17:4)
    at /Users/fe-anhtu-fresher/Desktop/cocos/cocos-work-prototype/Day11/temp/quick-scripts/assets/Scripts/animationScript.js:69:13
    at Object.<anonymous> (/Users/fe-anhtu-fresher/Desktop/cocos/cocos-work-prototype/Day11/temp/quick-scripts/assets/Scripts/animationScript.js:76:11)
    at Object.<anonymous> (/Users/fe-anhtu-fresher/Desktop/cocos/cocos-work-prototype/Day11/temp/quick-scripts/assets/Scripts/animationScript.js:79:3)
2021-12-11T03:39:33.168Z - warn: The Asset used by component "cc.Sprite" in scene "helloworld.fire" is missing. Detailed information:
Node path: "Canvas/background"
Asset url: "db://assets/Scene/helloworld.fire"
Missing uuid: "410fb916-8721-4663-bab8-34397391ace7"

2021-12-11T03:39:33.169Z - warn: The Asset used by component "sp.Skeleton" in scene "helloworld.fire" is missing. Detailed information:
Node path: "Canvas/space"
Asset url: "db://assets/Scene/helloworld.fire"
Missing uuid: "c37d56a5-d724-4caa-a741-d7b91fb726f8"

2021-12-11T03:39:37.346Z - info: shutdown preview server
