2021-12-13T09:36:13.938Z - normal: Load ~/.CocosCreator/settings.json
2021-12-13T09:36:13.974Z - normal: Initializing Asset Database
2021-12-13T09:36:13.976Z - normal: checking language setting...
2021-12-13T09:36:13.976Z - normal: Language: en
2021-12-13T09:36:14.385Z - success: preview server running at http://localhost:7456
2021-12-13T09:36:14.397Z - success: protocol editor-framework registered
2021-12-13T09:36:14.398Z - success: protocol app registered
2021-12-13T09:36:14.398Z - success: protocol theme registered
2021-12-13T09:36:14.398Z - success: protocol packages registered
2021-12-13T09:36:14.398Z - success: protocol uuid registerred
2021-12-13T09:36:14.398Z - success: protocol db registerred
2021-12-13T09:36:14.398Z - success: protocol thumbnail registerred
2021-12-13T09:36:14.398Z - success: protocol unpack registerred
2021-12-13T09:36:14.398Z - success: protocol disable-commonjs registerred
2021-12-13T09:36:15.602Z - normal: connected!
2021-12-13T09:36:15.603Z - normal: Check project /Users/fe-anhtu-fresher/Desktop/cocos/cocos-work-prototype/Day12
2021-12-13T09:36:15.605Z - normal: Initializing project /Users/fe-anhtu-fresher/Desktop/cocos/cocos-work-prototype/Day12
2021-12-13T09:36:15.840Z - normal: Initializing Cocos2d
2021-12-13T09:36:16.217Z - normal: Initializing engine extends
2021-12-13T09:36:16.231Z - success: alipay-adapter loaded
2021-12-13T09:36:16.237Z - success: asset-db-debugger loaded
2021-12-13T09:36:16.240Z - success: baidu-adapter loaded
2021-12-13T09:36:16.243Z - success: color-picker loaded
2021-12-13T09:36:16.323Z - success: fb-audience-network loaded
2021-12-13T09:36:16.370Z - success: fb-live-stream loaded
2021-12-13T09:36:16.372Z - success: google-play-instant loaded
2021-12-13T09:36:16.375Z - success: huawei-runtime loaded
2021-12-13T09:36:16.504Z - success: cpk-publish loaded
2021-12-13T09:36:16.505Z - success: jsb-adapter loaded
2021-12-13T09:36:16.508Z - success: oppo-runtime loaded
2021-12-13T09:36:16.512Z - success: package-manager loaded
2021-12-13T09:36:16.578Z - success: qqplay-adapter loaded
2021-12-13T09:36:16.580Z - success: runtime-dev-tools loaded
2021-12-13T09:36:16.600Z - success: sdkbox loaded
2021-12-13T09:36:16.604Z - success: tester loaded
2021-12-13T09:36:16.606Z - success: ui-kit-preview-extra loaded
2021-12-13T09:36:16.608Z - success: ui-kit-preview loaded
2021-12-13T09:36:16.611Z - success: ui-kit loaded
2021-12-13T09:36:16.614Z - success: vivo-runtime loaded
2021-12-13T09:36:16.616Z - success: weapp-adapter loaded
2021-12-13T09:36:16.616Z - success: xiaomi-adapter loaded
2021-12-13T09:36:16.618Z - success: alipay-minigame loaded
2021-12-13T09:36:16.648Z - success: assets loaded
2021-12-13T09:36:16.650Z - success: builder loaded
2021-12-13T09:36:16.810Z - success: cocos-services loaded
2021-12-13T09:36:16.814Z - success: console loaded
2021-12-13T09:36:16.836Z - success: fb-instant-games loaded
2021-12-13T09:36:16.838Z - success: game-window loaded
2021-12-13T09:36:16.839Z - success: google-instant-games loaded
2021-12-13T09:36:16.843Z - success: hierarchy loaded
2021-12-13T09:36:16.846Z - success: inspector loaded
2021-12-13T09:36:16.847Z - success: keystore loaded
2021-12-13T09:36:16.850Z - success: node-library loaded
2021-12-13T09:36:16.851Z - success: package-asset loaded
2021-12-13T09:36:16.852Z - success: preferences loaded
2021-12-13T09:36:16.853Z - success: project-exporter loaded
2021-12-13T09:36:16.857Z - success: project-importer loaded
2021-12-13T09:36:16.859Z - success: project-settings loaded
2021-12-13T09:36:16.862Z - success: scene loaded
2021-12-13T09:36:16.863Z - success: simulator-debugger loaded
2021-12-13T09:36:16.864Z - success: sprite-editor loaded
2021-12-13T09:36:16.867Z - success: store loaded
2021-12-13T09:36:16.871Z - success: timeline loaded
2021-12-13T09:36:16.873Z - success: xiaomi-runtime loaded
2021-12-13T09:36:20.197Z - normal: Loading packages
2021-12-13T09:36:20.201Z - normal: Watching packages
2021-12-13T09:36:20.285Z - normal: Run Application
2021-12-13T09:36:24.922Z - info: Cocos Services load base data!
2021-12-13T10:04:08.386Z - normal: Start building with options : {
  "actualPlatform": "web-desktop",
  "android-instant": {
    "REMOTE_SERVER_ROOT": "",
    "host": "",
    "pathPattern": "",
    "recordPath": "",
    "scheme": "https",
    "skipRecord": false
  },
  "apiLevel": "",
  "appABIs": [],
  "appBundle": false,
  "baidugame": {
    "REMOTE_SERVER_ROOT": "",
    "appid": "testappid",
    "orientation": "portrait",
    "subContext": ""
  },
  "buildPath": "/Users/fe-anhtu-fresher/Desktop/cocos/cocos-work-prototype/Day12/assets/Animation",
  "debug": false,
  "dest": "/Users/fe-anhtu-fresher/Desktop/cocos/cocos-work-prototype/Day12/assets/Animation/web-desktop",
  "embedWebDebugger": false,
  "encryptJs": true,
  "excludeScenes": [],
  "excludedModules": [],
  "fb-instant-games": {},
  "includeSDKBox": false,
  "inlineSpriteFrames": true,
  "inlineSpriteFrames_native": true,
  "md5Cache": false,
  "mergeStartScene": false,
  "optimizeHotUpdate": false,
  "orientation": {
    "landscapeLeft": true,
    "landscapeRight": true,
    "portrait": false,
    "upsideDown": false
  },
  "packageName": "org.cocos2d.Day12",
  "platform": "web-desktop",
  "previewHeight": 640,
  "previewWidth": 960,
  "qqplay": {
    "REMOTE_SERVER_ROOT": "",
    "orientation": "portrait",
    "zip": false
  },
  "scenes": [
    "3d3c230b-b6c1-424b-a90a-2962fb9a472d"
  ],
  "sourceMaps": false,
  "startScene": "3d3c230b-b6c1-424b-a90a-2962fb9a472d",
  "template": "link",
  "title": "Day12",
  "useDebugKeystore": true,
  "vsVersion": "auto",
  "webOrientation": "auto",
  "wechatgame": {
    "REMOTE_SERVER_ROOT": "",
    "appid": "wx6ac3f5090a6b99c5",
    "orientation": "portrait",
    "separate_engine": false,
    "subContext": ""
  },
  "xxteaKey": "1135bf37-dbbf-4b",
  "zipCompressJs": true,
  "project": "/Users/fe-anhtu-fresher/Desktop/cocos/cocos-work-prototype/Day12",
  "projectName": "Day12",
  "debugBuildWorker": false
}
2021-12-13T10:04:08.390Z - normal: Building /Users/fe-anhtu-fresher/Desktop/cocos/cocos-work-prototype/Day12
2021-12-13T10:04:08.390Z - normal: Destination /Users/fe-anhtu-fresher/Desktop/cocos/cocos-work-prototype/Day12/assets/Animation/web-desktop
2021-12-13T10:04:08.501Z - normal: Delete /Users/fe-anhtu-fresher/Desktop/cocos/cocos-work-prototype/Day12/assets/Animation/web-desktop/subpackages/**/*,/Users/fe-anhtu-fresher/Desktop/cocos/cocos-work-prototype/Day12/assets/Animation/web-desktop/**/*
2021-12-13T10:04:55.892Z - normal: Start building assets
2021-12-13T10:04:55.893Z - normal: Start spawn build-worker
2021-12-13T10:04:56.387Z - normal: Finish spawn build-worker
2021-12-13T10:04:56.387Z - normal: Start init build-worker
2021-12-13T10:04:58.452Z - normal: Finish init build-worker
2021-12-13T10:04:58.452Z - normal: Start build-assets in worker
2021-12-13T10:04:58.706Z - normal: Finish build-assets in worker
2021-12-13T10:04:58.708Z - normal: Finish building assets
2021-12-13T10:04:58.721Z - normal: Start building plugin scripts
2021-12-13T10:04:58.814Z - normal: Generating main.js from /Applications/CocosCreator.app/Contents/Resources/static/build-templates/shares/main.js
2021-12-13T10:04:58.821Z - normal: Generating html from /Applications/CocosCreator.app/Contents/Resources/static/build-templates/web-desktop/template/index.html
2021-12-13T10:04:58.839Z - normal: Built to "/Users/fe-anhtu-fresher/Desktop/cocos/cocos-work-prototype/Day12/assets/Animation/web-desktop" successfully
2021-12-13T10:06:19.852Z - failed: load script [/Users/fe-anhtu-fresher/Desktop/cocos/cocos-work-prototype/Day12/temp/quick-scripts/assets/Animation/web-desktop/cocos2d-js-min.js] failed : TypeError: Cannot redefine property: eventManager
    at Function.defineProperty (<anonymous>)
    at Object.a.get (/Users/fe-anhtu-fresher/Desktop/cocos/cocos-work-prototype/Day12/temp/quick-scripts/assets/Animation/web-desktop/cocos2d-js-min.js:12229:63)
    at Array.129.../platform/js (/Users/fe-anhtu-fresher/Desktop/cocos/cocos-work-prototype/Day12/temp/quick-scripts/assets/Animation/web-desktop/cocos2d-js-min.js:8443:13)
    at n (/Users/fe-anhtu-fresher/Desktop/cocos/cocos-work-prototype/Day12/temp/quick-scripts/assets/Animation/web-desktop/cocos2d-js-min.js:12:77)
    at /Users/fe-anhtu-fresher/Desktop/cocos/cocos-work-prototype/Day12/temp/quick-scripts/assets/Animation/web-desktop/cocos2d-js-min.js:13:16
    at Array.131../CCEvent (/Users/fe-anhtu-fresher/Desktop/cocos/cocos-work-prototype/Day12/temp/quick-scripts/assets/Animation/web-desktop/cocos2d-js-min.js:8479:68)
    at n (/Users/fe-anhtu-fresher/Desktop/cocos/cocos-work-prototype/Day12/temp/quick-scripts/assets/Animation/web-desktop/cocos2d-js-min.js:12:77)
    at /Users/fe-anhtu-fresher/Desktop/cocos/cocos-work-prototype/Day12/temp/quick-scripts/assets/Animation/web-desktop/cocos2d-js-min.js:13:16
    at Array.205.../event-manager (/Users/fe-anhtu-fresher/Desktop/cocos/cocos-work-prototype/Day12/temp/quick-scripts/assets/Animation/web-desktop/cocos2d-js-min.js:11177:13)
    at n (/Users/fe-anhtu-fresher/Desktop/cocos/cocos-work-prototype/Day12/temp/quick-scripts/assets/Animation/web-desktop/cocos2d-js-min.js:12:77)
2021-12-13T10:06:19.853Z - failed: load script [/Users/fe-anhtu-fresher/Desktop/cocos/cocos-work-prototype/Day12/temp/quick-scripts/assets/Animation/web-desktop/main.js] failed : TypeError: cc.registerModuleFunc is not a function
    at /Users/fe-anhtu-fresher/Desktop/cocos/cocos-work-prototype/Day12/temp/quick-scripts/assets/Animation/web-desktop/main.js:227:16
    at Object.<anonymous> (/Users/fe-anhtu-fresher/Desktop/cocos/cocos-work-prototype/Day12/temp/quick-scripts/assets/Animation/web-desktop/main.js:231:11)
    at Object.<anonymous> (/Users/fe-anhtu-fresher/Desktop/cocos/cocos-work-prototype/Day12/temp/quick-scripts/assets/Animation/web-desktop/main.js:234:3)
    at Module._compile (module.js:571:32)
    at Object.Module._extensions..js (module.js:580:10)
    at Module.load (module.js:488:32)
    at tryModuleLoad (module.js:447:12)
    at Function.Module._load (module.js:439:3)
    at Module.require (module.js:498:17)
    at require (internal/module.js:20:19)
2021-12-13T10:06:19.854Z - failed: load script [/Users/fe-anhtu-fresher/Desktop/cocos/cocos-work-prototype/Day12/temp/quick-scripts/assets/Animation/web-desktop/src/project.js] failed : TypeError: cc.registerModuleFunc is not a function
    at /Users/fe-anhtu-fresher/Desktop/cocos/cocos-work-prototype/Day12/temp/quick-scripts/assets/Animation/web-desktop/src/project.js:45:16
    at Object.<anonymous> (/Users/fe-anhtu-fresher/Desktop/cocos/cocos-work-prototype/Day12/temp/quick-scripts/assets/Animation/web-desktop/src/project.js:49:11)
    at Object.<anonymous> (/Users/fe-anhtu-fresher/Desktop/cocos/cocos-work-prototype/Day12/temp/quick-scripts/assets/Animation/web-desktop/src/project.js:52:3)
    at Module._compile (module.js:571:32)
    at Object.Module._extensions..js (module.js:580:10)
    at Module.load (module.js:488:32)
    at tryModuleLoad (module.js:447:12)
    at Function.Module._load (module.js:439:3)
    at Module.require (module.js:498:17)
    at require (internal/module.js:20:19)
2021-12-13T10:06:19.854Z - failed: load script [/Users/fe-anhtu-fresher/Desktop/cocos/cocos-work-prototype/Day12/temp/quick-scripts/assets/Animation/web-desktop/src/settings.js] failed : TypeError: cc.registerModuleFunc is not a function
    at /Users/fe-anhtu-fresher/Desktop/cocos/cocos-work-prototype/Day12/temp/quick-scripts/assets/Animation/web-desktop/src/settings.js:15:16
    at Object.<anonymous> (/Users/fe-anhtu-fresher/Desktop/cocos/cocos-work-prototype/Day12/temp/quick-scripts/assets/Animation/web-desktop/src/settings.js:19:11)
    at Object.<anonymous> (/Users/fe-anhtu-fresher/Desktop/cocos/cocos-work-prototype/Day12/temp/quick-scripts/assets/Animation/web-desktop/src/settings.js:22:3)
    at Module._compile (module.js:571:32)
    at Object.Module._extensions..js (module.js:580:10)
    at Module.load (module.js:488:32)
    at tryModuleLoad (module.js:447:12)
    at Function.Module._load (module.js:439:3)
    at Module.require (module.js:498:17)
    at require (internal/module.js:20:19)
2021-12-13T10:06:19.855Z - warn: Modified global variable while loading common project scripts: CC_BUILD
Before: false
After: true
2021-12-13T10:06:19.856Z - warn: Modified global variable while loading common project scripts: CC_EDITOR
Before: true
After: false
2021-12-13T10:06:19.857Z - warn: Modified global variable while loading common project scripts: CC_DEV
Before: true
After: false
2021-12-13T10:06:19.857Z - warn: Modified global variable while loading common project scripts: CC_DEBUG
Before: true
After: false
2021-12-13T10:06:19.962Z - error: The new worldRotation must be Quat
    at Object.t.setWorldRotation3D (/Applications/CocosCreator.app/Contents/Resources/app.asar/editor/page/scene-utils/utils/node.js:1:6395)
    at module.exports.updateController3D (/Applications/CocosCreator.app/Contents/Resources/app.asar/editor/page/gizmos/3d/elements/controller/controller-base.js:1:3343)
    at module.exports.updateController (/Applications/CocosCreator.app/Contents/Resources/app.asar/editor/page/gizmos/3d/elements/controller/controller-base.js:1:3251)
    at module.exports.setPosition (/Applications/CocosCreator.app/Contents/Resources/app.asar/editor/page/gizmos/3d/elements/controller/controller-base.js:1:3036)
    at module.exports.updateControllerTransform (/Applications/CocosCreator.app/Contents/Resources/app.asar/editor/page/gizmos/3d/elements/transform/position-gizmo.js:1:2233)
    at module.exports.onTargetUpdate (/Applications/CocosCreator.app/Contents/Resources/app.asar/editor/page/gizmos/3d/elements/transform/transform-gizmo.js:1:505)
    at module.exports.set target [as target] (/Applications/CocosCreator.app/Contents/Resources/app.asar/editor/page/gizmos/3d/elements/gizmo-base.js:1:662)
    at module.exports.onTargetUpdate (/Applications/CocosCreator.app/Contents/Resources/app.asar/editor/page/gizmos/2d/elements/transform/transform-gizmo.js:1:689)
    at module.exports.set target [as target] (/Applications/CocosCreator.app/Contents/Resources/app.asar/editor/page/gizmos/2d/elements/gizmo.js:1:1008)
2021-12-13T10:06:48.718Z - error: TypeError: cc._RF.reset is not a function
    at Object.reset (/Applications/CocosCreator.app/Contents/Resources/app.asar/editor/page/scene-utils/lib/sandbox.js:1:1077)
    at r.waterfall.e (/Applications/CocosCreator.app/Contents/Resources/app.asar/editor/page/scene-utils/lib/sandbox.js:1:1921)
    at fn (/Applications/CocosCreator.app/Contents/Resources/app.asar/node_modules/async/lib/async.js:746:34)
    at /Applications/CocosCreator.app/Contents/Resources/app.asar/node_modules/async/lib/async.js:1213:16
    at /Applications/CocosCreator.app/Contents/Resources/app.asar/node_modules/async/lib/async.js:166:37
    at /Applications/CocosCreator.app/Contents/Resources/app.asar/node_modules/async/lib/async.js:706:43
    at /Applications/CocosCreator.app/Contents/Resources/app.asar/node_modules/async/lib/async.js:167:37
    at Immediate.<anonymous> (/Applications/CocosCreator.app/Contents/Resources/app.asar/node_modules/async/lib/async.js:1206:34)
    at runCallback (timers.js:672:20)
    at tryOnImmediate (timers.js:645:5)
