2021-12-13T03:06:52.625Z - normal: Load ~/.CocosCreator/settings.json
2021-12-13T03:06:52.662Z - normal: Initializing Asset Database
2021-12-13T03:06:52.663Z - normal: checking language setting...
2021-12-13T03:06:52.664Z - normal: Language: en
2021-12-13T03:06:53.069Z - success: preview server running at http://localhost:7456
2021-12-13T03:06:53.084Z - success: protocol editor-framework registered
2021-12-13T03:06:53.084Z - success: protocol app registered
2021-12-13T03:06:53.084Z - success: protocol theme registered
2021-12-13T03:06:53.084Z - success: protocol packages registered
2021-12-13T03:06:53.084Z - success: protocol uuid registerred
2021-12-13T03:06:53.084Z - success: protocol db registerred
2021-12-13T03:06:53.085Z - success: protocol thumbnail registerred
2021-12-13T03:06:53.085Z - success: protocol unpack registerred
2021-12-13T03:06:53.085Z - success: protocol disable-commonjs registerred
2021-12-13T03:06:54.559Z - normal: connected!
2021-12-13T03:06:54.560Z - normal: Check project /Users/fe-anhtu-fresher/Desktop/cocos/cocos-work-prototype/Day10
2021-12-13T03:06:54.563Z - normal: Initializing project /Users/fe-anhtu-fresher/Desktop/cocos/cocos-work-prototype/Day10
2021-12-13T03:06:54.817Z - normal: Initializing Cocos2d
2021-12-13T03:06:55.232Z - normal: Initializing engine extends
2021-12-13T03:06:55.247Z - success: alipay-adapter loaded
2021-12-13T03:06:55.252Z - success: asset-db-debugger loaded
2021-12-13T03:06:55.255Z - success: baidu-adapter loaded
2021-12-13T03:06:55.257Z - success: color-picker loaded
2021-12-13T03:06:55.341Z - success: fb-audience-network loaded
2021-12-13T03:06:55.388Z - success: fb-live-stream loaded
2021-12-13T03:06:55.391Z - success: google-play-instant loaded
2021-12-13T03:06:55.394Z - success: huawei-runtime loaded
2021-12-13T03:06:55.523Z - success: cpk-publish loaded
2021-12-13T03:06:55.523Z - success: jsb-adapter loaded
2021-12-13T03:06:55.526Z - success: oppo-runtime loaded
2021-12-13T03:06:55.530Z - success: package-manager loaded
2021-12-13T03:06:55.598Z - success: qqplay-adapter loaded
2021-12-13T03:06:55.599Z - success: runtime-dev-tools loaded
2021-12-13T03:06:55.619Z - success: sdkbox loaded
2021-12-13T03:06:55.622Z - success: tester loaded
2021-12-13T03:06:55.624Z - success: ui-kit-preview-extra loaded
2021-12-13T03:06:55.626Z - success: ui-kit-preview loaded
2021-12-13T03:06:55.628Z - success: ui-kit loaded
2021-12-13T03:06:55.632Z - success: vivo-runtime loaded
2021-12-13T03:06:55.632Z - success: weapp-adapter loaded
2021-12-13T03:06:55.633Z - success: xiaomi-adapter loaded
2021-12-13T03:06:55.634Z - success: alipay-minigame loaded
2021-12-13T03:06:55.664Z - success: assets loaded
2021-12-13T03:06:55.666Z - success: builder loaded
2021-12-13T03:06:55.819Z - success: cocos-services loaded
2021-12-13T03:06:55.824Z - success: console loaded
2021-12-13T03:06:55.846Z - success: fb-instant-games loaded
2021-12-13T03:06:55.849Z - success: game-window loaded
2021-12-13T03:06:55.850Z - success: google-instant-games loaded
2021-12-13T03:06:55.854Z - success: hierarchy loaded
2021-12-13T03:06:55.857Z - success: inspector loaded
2021-12-13T03:06:55.858Z - success: keystore loaded
2021-12-13T03:06:55.862Z - success: node-library loaded
2021-12-13T03:06:55.863Z - success: package-asset loaded
2021-12-13T03:06:55.864Z - success: preferences loaded
2021-12-13T03:06:55.866Z - success: project-exporter loaded
2021-12-13T03:06:55.870Z - success: project-importer loaded
2021-12-13T03:06:55.873Z - success: project-settings loaded
2021-12-13T03:06:55.877Z - success: scene loaded
2021-12-13T03:06:55.878Z - success: simulator-debugger loaded
2021-12-13T03:06:55.879Z - success: sprite-editor loaded
2021-12-13T03:06:55.883Z - success: store loaded
2021-12-13T03:06:55.891Z - success: timeline loaded
2021-12-13T03:06:55.893Z - success: xiaomi-runtime loaded
2021-12-13T03:06:58.237Z - info: Cocos Services load base data!
2021-12-13T03:07:32.226Z - normal: Loading packages
2021-12-13T03:07:32.230Z - normal: Watching packages
2021-12-13T03:07:32.310Z - normal: Run Application
2021-12-13T03:07:36.199Z - failed: load script [/Users/fe-anhtu-fresher/Desktop/cocos/cocos-work-prototype/Day10/temp/quick-scripts/assets/30ease/web-desktop/cocos2d-js-min.js] failed : TypeError: Cannot redefine property: eventManager
    at Function.defineProperty (<anonymous>)
    at Object.a.get (/Users/fe-anhtu-fresher/Desktop/cocos/cocos-work-prototype/Day10/temp/quick-scripts/assets/30ease/web-desktop/cocos2d-js-min.js:12229:63)
    at Array.129.../platform/js (/Users/fe-anhtu-fresher/Desktop/cocos/cocos-work-prototype/Day10/temp/quick-scripts/assets/30ease/web-desktop/cocos2d-js-min.js:8443:13)
    at n (/Users/fe-anhtu-fresher/Desktop/cocos/cocos-work-prototype/Day10/temp/quick-scripts/assets/30ease/web-desktop/cocos2d-js-min.js:12:77)
    at /Users/fe-anhtu-fresher/Desktop/cocos/cocos-work-prototype/Day10/temp/quick-scripts/assets/30ease/web-desktop/cocos2d-js-min.js:13:16
    at Array.131../CCEvent (/Users/fe-anhtu-fresher/Desktop/cocos/cocos-work-prototype/Day10/temp/quick-scripts/assets/30ease/web-desktop/cocos2d-js-min.js:8479:68)
    at n (/Users/fe-anhtu-fresher/Desktop/cocos/cocos-work-prototype/Day10/temp/quick-scripts/assets/30ease/web-desktop/cocos2d-js-min.js:12:77)
    at /Users/fe-anhtu-fresher/Desktop/cocos/cocos-work-prototype/Day10/temp/quick-scripts/assets/30ease/web-desktop/cocos2d-js-min.js:13:16
    at Array.205.../event-manager (/Users/fe-anhtu-fresher/Desktop/cocos/cocos-work-prototype/Day10/temp/quick-scripts/assets/30ease/web-desktop/cocos2d-js-min.js:11177:13)
    at n (/Users/fe-anhtu-fresher/Desktop/cocos/cocos-work-prototype/Day10/temp/quick-scripts/assets/30ease/web-desktop/cocos2d-js-min.js:12:77)
2021-12-13T03:07:36.200Z - failed: load script [/Users/fe-anhtu-fresher/Desktop/cocos/cocos-work-prototype/Day10/temp/quick-scripts/assets/30ease/web-desktop/main.js] failed : TypeError: cc.registerModuleFunc is not a function
    at /Users/fe-anhtu-fresher/Desktop/cocos/cocos-work-prototype/Day10/temp/quick-scripts/assets/30ease/web-desktop/main.js:227:16
    at Object.<anonymous> (/Users/fe-anhtu-fresher/Desktop/cocos/cocos-work-prototype/Day10/temp/quick-scripts/assets/30ease/web-desktop/main.js:231:11)
    at Object.<anonymous> (/Users/fe-anhtu-fresher/Desktop/cocos/cocos-work-prototype/Day10/temp/quick-scripts/assets/30ease/web-desktop/main.js:234:3)
    at Module._compile (module.js:571:32)
    at Object.Module._extensions..js (module.js:580:10)
    at Module.load (module.js:488:32)
    at tryModuleLoad (module.js:447:12)
    at Function.Module._load (module.js:439:3)
    at Module.require (module.js:498:17)
    at require (internal/module.js:20:19)
2021-12-13T03:07:36.200Z - failed: load script [/Users/fe-anhtu-fresher/Desktop/cocos/cocos-work-prototype/Day10/temp/quick-scripts/assets/30ease/web-desktop/src/project.js] failed : TypeError: cc.registerModuleFunc is not a function
    at /Users/fe-anhtu-fresher/Desktop/cocos/cocos-work-prototype/Day10/temp/quick-scripts/assets/30ease/web-desktop/src/project.js:52:16
    at Object.<anonymous> (/Users/fe-anhtu-fresher/Desktop/cocos/cocos-work-prototype/Day10/temp/quick-scripts/assets/30ease/web-desktop/src/project.js:56:11)
    at Object.<anonymous> (/Users/fe-anhtu-fresher/Desktop/cocos/cocos-work-prototype/Day10/temp/quick-scripts/assets/30ease/web-desktop/src/project.js:59:3)
    at Module._compile (module.js:571:32)
    at Object.Module._extensions..js (module.js:580:10)
    at Module.load (module.js:488:32)
    at tryModuleLoad (module.js:447:12)
    at Function.Module._load (module.js:439:3)
    at Module.require (module.js:498:17)
    at require (internal/module.js:20:19)
2021-12-13T03:07:36.201Z - failed: load script [/Users/fe-anhtu-fresher/Desktop/cocos/cocos-work-prototype/Day10/temp/quick-scripts/assets/30ease/web-desktop/src/settings.js] failed : TypeError: cc.registerModuleFunc is not a function
    at /Users/fe-anhtu-fresher/Desktop/cocos/cocos-work-prototype/Day10/temp/quick-scripts/assets/30ease/web-desktop/src/settings.js:15:16
    at Object.<anonymous> (/Users/fe-anhtu-fresher/Desktop/cocos/cocos-work-prototype/Day10/temp/quick-scripts/assets/30ease/web-desktop/src/settings.js:19:11)
    at Object.<anonymous> (/Users/fe-anhtu-fresher/Desktop/cocos/cocos-work-prototype/Day10/temp/quick-scripts/assets/30ease/web-desktop/src/settings.js:22:3)
    at Module._compile (module.js:571:32)
    at Object.Module._extensions..js (module.js:580:10)
    at Module.load (module.js:488:32)
    at tryModuleLoad (module.js:447:12)
    at Function.Module._load (module.js:439:3)
    at Module.require (module.js:498:17)
    at require (internal/module.js:20:19)
2021-12-13T03:07:36.201Z - failed: load script [/Users/fe-anhtu-fresher/Desktop/cocos/cocos-work-prototype/Day10/temp/quick-scripts/assets/Script/HelloWorld.js] failed : TypeError: cc.registerModuleFunc is not a function
    at /Users/fe-anhtu-fresher/Desktop/cocos/cocos-work-prototype/Day10/temp/quick-scripts/assets/Script/HelloWorld.js:34:16
    at Object.<anonymous> (/Users/fe-anhtu-fresher/Desktop/cocos/cocos-work-prototype/Day10/temp/quick-scripts/assets/Script/HelloWorld.js:38:11)
    at Object.<anonymous> (/Users/fe-anhtu-fresher/Desktop/cocos/cocos-work-prototype/Day10/temp/quick-scripts/assets/Script/HelloWorld.js:41:3)
    at Module._compile (module.js:571:32)
    at Object.Module._extensions..js (module.js:580:10)
    at Module.load (module.js:488:32)
    at tryModuleLoad (module.js:447:12)
    at Function.Module._load (module.js:439:3)
    at Module.require (module.js:498:17)
    at require (internal/module.js:20:19)
2021-12-13T03:07:36.202Z - failed: load script [/Users/fe-anhtu-fresher/Desktop/cocos/cocos-work-prototype/Day10/temp/quick-scripts/assets/Script/animationScript.js] failed : TypeError: cc.registerModuleFunc is not a function
    at /Users/fe-anhtu-fresher/Desktop/cocos/cocos-work-prototype/Day10/temp/quick-scripts/assets/Script/animationScript.js:72:16
    at Object.<anonymous> (/Users/fe-anhtu-fresher/Desktop/cocos/cocos-work-prototype/Day10/temp/quick-scripts/assets/Script/animationScript.js:76:11)
    at Object.<anonymous> (/Users/fe-anhtu-fresher/Desktop/cocos/cocos-work-prototype/Day10/temp/quick-scripts/assets/Script/animationScript.js:79:3)
    at Module._compile (module.js:571:32)
    at Object.Module._extensions..js (module.js:580:10)
    at Module.load (module.js:488:32)
    at tryModuleLoad (module.js:447:12)
    at Function.Module._load (module.js:439:3)
    at Module.require (module.js:498:17)
    at require (internal/module.js:20:19)
2021-12-13T03:07:36.202Z - warn: Modified global variable while loading common project scripts: CC_BUILD
Before: false
After: true
2021-12-13T03:07:36.203Z - warn: Modified global variable while loading common project scripts: CC_EDITOR
Before: true
After: false
2021-12-13T03:07:36.203Z - warn: Modified global variable while loading common project scripts: CC_DEV
Before: true
After: false
2021-12-13T03:07:36.203Z - warn: Modified global variable while loading common project scripts: CC_DEBUG
Before: true
After: false
